Started at Tue Mar 15 18:38:24 UTC 2022
Processing first-job
Offering first-job to Project Build Discarder
Processing first-job-1
Offering first-job-1 to Project Build Discarder
Processing second-project
Offering second-project to Project Build Discarder
Processing third-pro-script-run
Offering third-pro-script-run to Project Build Discarder
Finished at Tue Mar 15 18:38:24 UTC 2022. 7ms
Started at Tue Mar 15 19:38:24 UTC 2022
Processing first-job
Offering first-job to Project Build Discarder
Processing first-job-1
Offering first-job-1 to Project Build Discarder
Processing second-project
Offering second-project to Project Build Discarder
Processing third-pro-script-run
Offering third-pro-script-run to Project Build Discarder
Finished at Tue Mar 15 19:38:24 UTC 2022. 3ms
Started at Tue Mar 15 20:38:24 UTC 2022
Processing first-job
Offering first-job to Project Build Discarder
Processing first-job-1
Offering first-job-1 to Project Build Discarder
Processing second-project
Offering second-project to Project Build Discarder
Processing third-pro-script-run
Offering third-pro-script-run to Project Build Discarder
Finished at Tue Mar 15 20:38:24 UTC 2022. 8ms
